<?xml version="1.0" encoding="UTF-8" ?>
<testsuites disabled="0" errors="0" failures="0" tests="12" time="0.033">
 <testsuite name="Test question service API" timestamp="2018-09-10T14:05:30" hostname="localhost" time="0.033" errors="0" tests="12" skipped="0" disabled="0" failures="0">
  <testcase classname="Test question service API" name="tag question" time="0.009" />
  <testcase classname="Test question service API" name="delete question with error" time="0.002" />
  <testcase classname="Test question service API" name="delete question " time="0.001" />
  <testcase classname="Test question service API" name="save question with assessment =&gt; Error condition" time="0.003" />
  <testcase classname="Test question service API" name="save question with assessment" time="0.002" />
  <testcase classname="Test question service API" name="save question with tag =&gt; Error condition" time="0.001" />
  <testcase classname="Test question service API" name="save question with tag" time="0.001" />
  <testcase classname="Test question service API" name="update question with error" time="0.001" />
  <testcase classname="Test question service API" name="update question with assessment" time="0.002" />
  <testcase classname="Test question service API" name="update question " time="0.002" />
  <testcase classname="Test question service API" name="save question" time="0.001" />
  <testcase classname="Test question service API" name="get tags of question" time="0.001" />
 </testsuite>
</testsuites>