<?xml version="1.0" encoding="UTF-8" ?>
<testsuites disabled="0" errors="0" failures="0" tests="4" time="0.018">
 <testsuite name="Test assessment service API" timestamp="2018-09-06T17:24:19" hostname="localhost" time="0.018" errors="0" tests="4" skipped="0" disabled="0" failures="0">
  <testcase classname="Test assessment service API" name="save assessment" time="0.009" />
  <testcase classname="Test assessment service API" name="save assessment =&gt; Error" time="0.001" />
  <testcase classname="Test assessment service API" name="update assessment" time="0.002" />
  <testcase classname="Test assessment service API" name="update assessment =&gt; error" time="0.001" />
 </testsuite>
</testsuites>